<?xml version="1.0" encoding="UTF-8"?>
<testng-results ignored="0" total="6" passed="5" failed="1" skipped="0">
  <reporter-output>
  </reporter-output>
  <suite started-at="2020-10-03T21:37:23 EDT" name="TribaleScaleTestSuite" finished-at="2020-10-03T21:38:49 EDT" duration-ms="86248">
    <groups>
    </groups>
    <test started-at="2020-10-03T21:37:23 EDT" name="FactorialTest" finished-at="2020-10-03T21:38:49 EDT" duration-ms="86248">
      <class name="com.tribalescale.qa.testCases.TC_FACT_002">
        <test-method is-config="true" signature="setup()[pri:0, instance:com.tribalescale.qa.testCases.TC_FACT_002@571c5681]" started-at="2020-10-03T21:37:26 EDT" name="setup" finished-at="2020-10-03T21:37:38 EDT" duration-ms="12597" status="PASS">
          <reporter-output>
          </reporter-output>
        </test-method> <!-- setup -->
        <test-method signature="invalidInput(java.lang.String)[pri:0, instance:com.tribalescale.qa.testCases.TC_FACT_002@571c5681]" started-at="2020-10-03T21:37:38 EDT" name="invalidInput" data-provider="getData" finished-at="2020-10-03T21:37:39 EDT" duration-ms="752" status="FAIL">
          <params>
            <param index="0">
              <value>
                <![CDATA[-1]]>
              </value>
            </param>
          </params>
          <exception class="java.lang.AssertionError">
            <message>
              <![CDATA[The following asserts failed:
expected [true] but found [false]]]>
            </message>
            <full-stacktrace>
              <![CDATA[java.lang.AssertionError: The following asserts failed:
expected [true] but found [false]
at org.testng.asserts.SoftAssert.assertAll(SoftAssert.java:47)
at org.testng.asserts.SoftAssert.assertAll(SoftAssert.java:31)
at com.tribalescale.qa.testCases.TC_FACT_002.invalidInput(TC_FACT_002.java:52)
at java.base/jdk.internal.reflect.NativeMethodAccessorImpl.invoke0(Native Method)
at java.base/jdk.internal.reflect.NativeMethodAccessorImpl.invoke(NativeMethodAccessorImpl.java:62)
at java.base/jdk.internal.reflect.DelegatingMethodAccessorImpl.invoke(DelegatingMethodAccessorImpl.java:43)
at java.base/java.lang.reflect.Method.invoke(Method.java:566)
at org.testng.internal.MethodInvocationHelper.invokeMethod(MethodInvocationHelper.java:135)
at org.testng.internal.TestInvoker.invokeMethod(TestInvoker.java:598)
at org.testng.internal.TestInvoker.invokeTestMethod(TestInvoker.java:174)
at org.testng.internal.MethodRunner.runInSequence(MethodRunner.java:46)
at org.testng.internal.TestInvoker$MethodInvocationAgent.invoke(TestInvoker.java:821)
at org.testng.internal.TestInvoker.invokeTestMethods(TestInvoker.java:147)
at org.testng.internal.TestMethodWorker.invokeTestMethods(TestMethodWorker.java:146)
at org.testng.internal.TestMethodWorker.run(TestMethodWorker.java:128)
at java.base/java.util.ArrayList.forEach(ArrayList.java:1540)
at org.testng.TestRunner.privateRun(TestRunner.java:767)
at org.testng.TestRunner.run(TestRunner.java:588)
at org.testng.SuiteRunner.runTest(SuiteRunner.java:384)
at org.testng.SuiteRunner.runSequentially(SuiteRunner.java:378)
at org.testng.SuiteRunner.privateRun(SuiteRunner.java:337)
at org.testng.SuiteRunner.run(SuiteRunner.java:286)
at org.testng.SuiteRunnerWorker.runSuite(SuiteRunnerWorker.java:53)
at org.testng.SuiteRunnerWorker.run(SuiteRunnerWorker.java:96)
at org.testng.TestNG.runSuitesSequentially(TestNG.java:1214)
at org.testng.TestNG.runSuitesLocally(TestNG.java:1136)
at org.testng.TestNG.runSuites(TestNG.java:1066)
at org.testng.TestNG.run(TestNG.java:1034)
at org.testng.remote.AbstractRemoteTestNG.run(AbstractRemoteTestNG.java:115)
at org.testng.remote.RemoteTestNG.initAndRun(RemoteTestNG.java:251)
at org.testng.remote.RemoteTestNG.main(RemoteTestNG.java:77)
]]>
            </full-stacktrace>
          </exception> <!-- java.lang.AssertionError -->
          <reporter-output>
          </reporter-output>
        </test-method> <!-- invalidInput -->
        <test-method is-config="true" signature="tearDown()[pri:0, instance:com.tribalescale.qa.testCases.TC_FACT_002@571c5681]" started-at="2020-10-03T21:37:40 EDT" name="tearDown" finished-at="2020-10-03T21:37:41 EDT" duration-ms="815" status="PASS">
          <reporter-output>
          </reporter-output>
        </test-method> <!-- tearDown -->
        <test-method is-config="true" signature="setup()[pri:0, instance:com.tribalescale.qa.testCases.TC_FACT_002@571c5681]" started-at="2020-10-03T21:37:41 EDT" name="setup" finished-at="2020-10-03T21:37:52 EDT" duration-ms="11420" status="PASS">
          <reporter-output>
          </reporter-output>
        </test-method> <!-- setup -->
        <test-method signature="invalidInput(java.lang.String)[pri:0, instance:com.tribalescale.qa.testCases.TC_FACT_002@571c5681]" started-at="2020-10-03T21:37:52 EDT" name="invalidInput" data-provider="getData" finished-at="2020-10-03T21:37:53 EDT" duration-ms="471" status="PASS">
          <params>
            <param index="0">
              <value>
                <![CDATA[3.1]]>
              </value>
            </param>
          </params>
          <reporter-output>
          </reporter-output>
        </test-method> <!-- invalidInput -->
        <test-method is-config="true" signature="tearDown()[pri:0, instance:com.tribalescale.qa.testCases.TC_FACT_002@571c5681]" started-at="2020-10-03T21:37:54 EDT" name="tearDown" finished-at="2020-10-03T21:37:55 EDT" duration-ms="839" status="PASS">
          <reporter-output>
          </reporter-output>
        </test-method> <!-- tearDown -->
        <test-method is-config="true" signature="setup()[pri:0, instance:com.tribalescale.qa.testCases.TC_FACT_002@571c5681]" started-at="2020-10-03T21:37:55 EDT" name="setup" finished-at="2020-10-03T21:38:05 EDT" duration-ms="10780" status="PASS">
          <reporter-output>
          </reporter-output>
        </test-method> <!-- setup -->
        <test-method signature="invalidInput(java.lang.String)[pri:0, instance:com.tribalescale.qa.testCases.TC_FACT_002@571c5681]" started-at="2020-10-03T21:38:05 EDT" name="invalidInput" data-provider="getData" finished-at="2020-10-03T21:38:06 EDT" duration-ms="612" status="PASS">
          <params>
            <param index="0">
              <value>
                <![CDATA[aaaa]]>
              </value>
            </param>
          </params>
          <reporter-output>
          </reporter-output>
        </test-method> <!-- invalidInput -->
        <test-method is-config="true" signature="tearDown()[pri:0, instance:com.tribalescale.qa.testCases.TC_FACT_002@571c5681]" started-at="2020-10-03T21:38:07 EDT" name="tearDown" finished-at="2020-10-03T21:38:08 EDT" duration-ms="947" status="PASS">
          <reporter-output>
          </reporter-output>
        </test-method> <!-- tearDown -->
        <test-method is-config="true" signature="setup()[pri:0, instance:com.tribalescale.qa.testCases.TC_FACT_002@571c5681]" started-at="2020-10-03T21:38:08 EDT" name="setup" finished-at="2020-10-03T21:38:19 EDT" duration-ms="10871" status="PASS">
          <reporter-output>
          </reporter-output>
        </test-method> <!-- setup -->
        <test-method signature="invalidInput(java.lang.String)[pri:0, instance:com.tribalescale.qa.testCases.TC_FACT_002@571c5681]" started-at="2020-10-03T21:38:19 EDT" name="invalidInput" data-provider="getData" finished-at="2020-10-03T21:38:19 EDT" duration-ms="529" status="PASS">
          <params>
            <param index="0">
              <value>
                <![CDATA[*(=]]>
              </value>
            </param>
          </params>
          <reporter-output>
          </reporter-output>
        </test-method> <!-- invalidInput -->
        <test-method is-config="true" signature="tearDown()[pri:0, instance:com.tribalescale.qa.testCases.TC_FACT_002@571c5681]" started-at="2020-10-03T21:38:20 EDT" name="tearDown" finished-at="2020-10-03T21:38:21 EDT" duration-ms="826" status="PASS">
          <reporter-output>
          </reporter-output>
        </test-method> <!-- tearDown -->
        <test-method is-config="true" signature="setup()[pri:0, instance:com.tribalescale.qa.testCases.TC_FACT_002@571c5681]" started-at="2020-10-03T21:38:21 EDT" name="setup" finished-at="2020-10-03T21:38:32 EDT" duration-ms="11255" status="PASS">
          <reporter-output>
          </reporter-output>
        </test-method> <!-- setup -->
        <test-method signature="invalidInput(java.lang.String)[pri:0, instance:com.tribalescale.qa.testCases.TC_FACT_002@571c5681]" started-at="2020-10-03T21:38:32 EDT" name="invalidInput" data-provider="getData" finished-at="2020-10-03T21:38:33 EDT" duration-ms="556" status="PASS">
          <params>
            <param index="0">
              <value>
                <![CDATA[     ]]>
              </value>
            </param>
          </params>
          <reporter-output>
          </reporter-output>
        </test-method> <!-- invalidInput -->
        <test-method is-config="true" signature="tearDown()[pri:0, instance:com.tribalescale.qa.testCases.TC_FACT_002@571c5681]" started-at="2020-10-03T21:38:34 EDT" name="tearDown" finished-at="2020-10-03T21:38:35 EDT" duration-ms="829" status="PASS">
          <reporter-output>
          </reporter-output>
        </test-method> <!-- tearDown -->
        <test-method is-config="true" signature="setup()[pri:0, instance:com.tribalescale.qa.testCases.TC_FACT_002@571c5681]" started-at="2020-10-03T21:38:35 EDT" name="setup" finished-at="2020-10-03T21:38:46 EDT" duration-ms="11446" status="PASS">
          <reporter-output>
          </reporter-output>
        </test-method> <!-- setup -->
        <test-method signature="invalidInput(java.lang.String)[pri:0, instance:com.tribalescale.qa.testCases.TC_FACT_002@571c5681]" started-at="2020-10-03T21:38:46 EDT" name="invalidInput" data-provider="getData" finished-at="2020-10-03T21:38:47 EDT" duration-ms="768" status="PASS">
          <params>
            <param index="0">
              <value>
                <![CDATA[r 9+1,2 v 8]]>
              </value>
            </param>
          </params>
          <reporter-output>
          </reporter-output>
        </test-method> <!-- invalidInput -->
        <test-method is-config="true" signature="tearDown()[pri:0, instance:com.tribalescale.qa.testCases.TC_FACT_002@571c5681]" started-at="2020-10-03T21:38:48 EDT" name="tearDown" finished-at="2020-10-03T21:38:49 EDT" duration-ms="1290" status="PASS">
          <reporter-output>
          </reporter-output>
        </test-method> <!-- tearDown -->
      </class> <!-- com.tribalescale.qa.testCases.TC_FACT_002 -->
    </test> <!-- FactorialTest -->
  </suite> <!-- TribaleScaleTestSuite -->
</testng-results>
